(/usr/share/texmf/tex/context/base/cont-yes.mkiv

ConTeXt  ver: 2013.05.28 00:36 MKIV current  fmt: 2018.5.21  int: english/english

system          > 'cont-new.mkiv' loaded
(/usr/share/texmf/tex/context/base/cont-new.mkiv)
system          > files > jobname 'index', input 'web/index', result 'web/index.pdf'
fonts           > latin modern fonts are not preloaded
languages       > language 'en' is active
(web/index.tex
colors          > defining > unknown library 'hex'
fonts           > typescripts > unknown library 'loc'
(/usr/share/texmf/tex/context/base/type-imp-texgyre.mkiv){/usr/share/texmf/fonts/map/dvips/lm/lm-math.map}{/usr/share/texmf/fonts/map/dvips/lm/lm-rm.map}{/usr/share/texmf/fonts/map/pdftex/context/mkiv-base.map}
fonts           > otf loading > loading '/usr/share/texmf/fonts/opentype/public/tex-gyre/texgyreheros-regular.otf', hash 'texgyreheros-regular'
fonts           > otf loading > loading done
fonts           > otf loading > file size: 133600
fonts           > encoding > loading (extended) adobe glyph list
fonts           > otf loading > saving '/usr/share/texmf/fonts/opentype/public/tex-gyre/texgyreheros-regular.otf' in cache
system          > lua > compiling '/home/travis/.texmf-var/luatex-cache/context/f919750633122078d706dd10f1cfd39b/fonts/otf/texgyreheros-regular.tma' into '/home/travis/.texmf-var/luatex-cache/context/f919750633122078d706dd10f1cfd39b/fonts/otf/texgyreheros-regular.tmc'
system          > lua > dumping '/home/travis/.texmf-var/luatex-cache/context/f919750633122078d706dd10f1cfd39b/fonts/otf/texgyreheros-regular.tma' into '/home/travis/.texmf-var/luatex-cache/context/f919750633122078d706dd10f1cfd39b/fonts/otf/texgyreheros-regular.tmc' stripped
fonts           > otf loading > preprocessing and caching time 0.242, packtime 0.063
fonts           > otf loading > loading '/usr/share/texlive/texmf-dist/fonts/opentype/public/lm-math/latinmodern-math.otf', hash 'latinmodern-math'
fonts           > otf loading > loading done
fonts           > otf loading > file size: 733500
fonts           > otf loading > skipping cyclic reference U+00028 in math variant U+00028
fonts           > otf loading > skipping cyclic reference U+00029 in math variant U+00029
fonts           > otf loading > skipping cyclic reference U+0002F in math variant U+0002F
fonts           > otf loading > skipping cyclic reference U+0005B in math variant U+0005B
fonts           > otf loading > skipping cyclic reference U+0005C in math variant U+0005C
fonts           > otf loading > skipping cyclic reference U+0005D in math variant U+0005D
fonts           > otf loading > skipping cyclic reference U+0007B in math variant U+0007B
fonts           > otf loading > skipping cyclic reference U+0007C in math variant U+0007C
fonts           > otf loading > skipping cyclic reference U+0007D in math variant U+0007D
fonts           > otf loading > skipping cyclic reference U+021B3 in math variant U+021B3
fonts           > otf loading > skipping cyclic reference U+021F3 in math variant U+021F3
fonts           > otf loading > skipping cyclic reference U+02233 in math variant U+02233
fonts           > otf loading > skipping cyclic reference U+023B4 in math variant U+023B4
fonts           > otf loading > skipping cyclic reference U+021F5 in math variant U+021F5
fonts           > otf loading > skipping cyclic reference U+023B5 in math variant U+023B5
fonts           > otf loading > skipping cyclic reference U+021B6 in math variant U+021B6
fonts           > otf loading > skipping cyclic reference U+021F6 in math variant U+021F6
fonts           > otf loading > skipping cyclic reference U+021B7 in math variant U+021B7
fonts           > otf loading > skipping cyclic reference U+00303 in math variant U+00303
fonts           > otf loading > skipping cyclic reference U+00333 in math variant U+00333
fonts           > otf loading > skipping cyclic reference U+0033F in math variant U+0033F
fonts           > otf loading > skipping cyclic reference U+021BC in math variant U+021BC
fonts           > otf loading > skipping cyclic reference U+021BD in math variant U+021BD
fonts           > otf loading > skipping cyclic reference U+021BE in math variant U+021BE
fonts           > otf loading > skipping cyclic reference U+021BF in math variant U+021BF
fonts           > otf loading > skipping cyclic reference U+021C0 in math variant U+021C0
fonts           > otf loading > skipping cyclic reference U+02A00 in math variant U+02A00
fonts           > otf loading > skipping cyclic reference U+021C1 in math variant U+021C1
fonts           > otf loading > skipping cyclic reference U+02A01 in math variant U+02A01
fonts           > otf loading > skipping cyclic reference U+021C2 in math variant U+021C2
fonts           > otf loading > skipping cyclic reference U+022C2 in math variant U+022C2
fonts           > otf loading > skipping cyclic reference U+02A02 in math variant U+02A02
fonts           > otf loading > skipping cyclic reference U+021C3 in math variant U+021C3
fonts           > otf loading > skipping cyclic reference U+022C3 in math variant U+022C3
fonts           > otf loading > skipping cyclic reference U+02A03 in math variant U+02A03
fonts           > otf loading > skipping cyclic reference U+02044 in math variant U+02044
fonts           > otf loading > skipping cyclic reference U+021C4 in math variant U+021C4
fonts           > otf loading > skipping cyclic reference U+02A04 in math variant U+02A04
fonts           > otf loading > skipping cyclic reference U+02B04 in math variant U+02B04
fonts           > otf loading > skipping cyclic reference U+021C5 in math variant U+021C5
fonts           > otf loading > skipping cyclic reference U+02A05 in math variant U+02A05
fonts           > otf loading > skipping cyclic reference U+02B05 in math variant U+02B05
fonts           > otf loading > skipping cyclic reference U+021C6 in math variant U+021C6
fonts           > otf loading > skipping cyclic reference U+021C7 in math variant U+021C7
fonts           > otf loading > skipping cyclic reference U+021C8 in math variant U+021C8
fonts           > otf loading > skipping cyclic reference U+02308 in math variant U+02308
fonts           > otf loading > skipping cyclic reference U+021C9 in math variant U+021C9
fonts           > otf loading > skipping cyclic reference U+021CA in math variant U+021CA
fonts           > otf loading > skipping cyclic reference U+021CB in math variant U+021CB
fonts           > otf loading > skipping cyclic reference U+0030C in math variant U+0030C
fonts           > otf loading > skipping cyclic reference U+021CC in math variant U+021CC
fonts           > otf loading > skipping cyclic reference U+021CD in math variant U+021CD
fonts           > otf loading > skipping cyclic reference U+02B0D in math variant U+02B0D
fonts           > otf loading > skipping cyclic reference U+021CE in math variant U+021CE
fonts           > otf loading > skipping cyclic reference U+021CF in math variant U+021CF
fonts           > otf loading > skipping cyclic reference U+0220F in math variant U+0220F
fonts           > otf loading > skipping cyclic reference U+020D0 in math variant U+020D0
fonts           > otf loading > skipping cyclic reference U+021D0 in math variant U+021D0
fonts           > otf loading > skipping cyclic reference U+02210 in math variant U+02210
fonts           > otf loading > skipping cyclic reference U+020D1 in math variant U+020D1
fonts           > otf loading > skipping cyclic reference U+021D1 in math variant U+021D1
fonts           > otf loading > skipping cyclic reference U+02211 in math variant U+02211
fonts           > otf loading > skipping cyclic reference U+02A11 in math variant U+02A11
fonts           > otf loading > skipping cyclic reference U+021D2 in math variant U+021D2
fonts           > otf loading > skipping cyclic reference U+021D3 in math variant U+021D3
fonts           > otf loading > skipping cyclic reference U+021D4 in math variant U+021D4
fonts           > otf loading > skipping cyclic reference U+021D5 in math variant U+021D5
fonts           > otf loading > skipping cyclic reference U+020D6 in math variant U+020D6
fonts           > otf loading > skipping cyclic reference U+021D6 in math variant U+021D6
fonts           > otf loading > skipping cyclic reference U+020D7 in math variant U+020D7
fonts           > otf loading > skipping cyclic reference U+021D7 in math variant U+021D7
fonts           > otf loading > skipping cyclic reference U+021D8 in math variant U+021D8
fonts           > otf loading > skipping cyclic reference U+02199 in math variant U+02199
fonts           > otf loading > skipping cyclic reference U+021D9 in math variant U+021D9
fonts           > otf loading > skipping cyclic reference U+021DA in math variant U+021DA
fonts           > otf loading > skipping cyclic reference U+0219B in math variant U+0219B
fonts           > otf loading > skipping cyclic reference U+021DB in math variant U+021DB
fonts           > otf loading > skipping cyclic reference U+00305 in math variant U+00305
fonts           > otf loading > skipping cyclic reference U+00311 in math variant U+00311
fonts           > otf loading > skipping cyclic reference U+0032D in math variant U+0032D
fonts           > otf loading > skipping cyclic reference U+021DC in math variant U+021DC
fonts           > otf loading > skipping cyclic reference U+023DC in math variant U+023DC
fonts           > otf loading > skipping cyclic reference U+021DD in math variant U+021DD
fonts           > otf loading > skipping cyclic reference U+023DD in math variant U+023DD
fonts           > otf loading > skipping cyclic reference U+023DE in math variant U+023DE
fonts           > otf loading > skipping cyclic reference U+023DF in math variant U+023DF
fonts           > otf loading > skipping cyclic reference U+021A0 in math variant U+021A0
fonts           > otf loading > skipping cyclic reference U+023E0 in math variant U+023E0
fonts           > otf loading > skipping cyclic reference U+020E1 in math variant U+020E1
fonts           > otf loading > skipping cyclic reference U+021A1 in math variant U+021A1
fonts           > otf loading > skipping cyclic reference U+023E1 in math variant U+023E1
fonts           > otf loading > skipping cyclic reference U+027A1 in math variant U+027A1
fonts           > otf loading > skipping cyclic reference U+021A2 in math variant U+021A2
fonts           > otf loading > skipping cyclic reference U+022A2 in math variant U+022A2
fonts           > otf loading > skipping cyclic reference U+021A3 in math variant U+021A3
fonts           > otf loading > skipping cyclic reference U+02223 in math variant U+02223
fonts           > otf loading > skipping cyclic reference U+022A3 in math variant U+022A3
fonts           > otf loading > skipping cyclic reference U+021A4 in math variant U+021A4
fonts           > otf loading > skipping cyclic reference U+022A4 in math variant U+022A4
fonts           > otf loading > skipping cyclic reference U+021A5 in math variant U+021A5
fonts           > otf loading > skipping cyclic reference U+02225 in math variant U+02225
fonts           > otf loading > skipping cyclic reference U+022A5 in math variant U+022A5
fonts           > otf loading > skipping cyclic reference U+021A6 in math variant U+021A6
fonts           > otf loading > skipping cyclic reference U+021E6 in math variant U+021E6
fonts           > otf loading > skipping cyclic reference U+027E6 in math variant U+027E6
fonts           > otf loading > skipping cyclic reference U+021A7 in math variant U+021A7
fonts           > otf loading > skipping cyclic reference U+021E7 in math variant U+021E7
fonts           > otf loading > skipping cyclic reference U+027E7 in math variant U+027E7
fonts           > otf loading > skipping cyclic reference U+02194 in math variant U+02194
fonts           > otf loading > skipping cyclic reference U+021E8 in math variant U+021E8
fonts           > otf loading > skipping cyclic reference U+027E8 in math variant U+027E8
fonts           > otf loading > skipping cyclic reference U+02016 in math variant U+02016
fonts           > otf loading > skipping cyclic reference U+02192 in math variant U+02192
fonts           > otf loading > skipping cyclic reference U+020E9 in math variant U+020E9
fonts           > otf loading > skipping cyclic reference U+021E9 in math variant U+021E9
fonts           > otf loading > skipping cyclic reference U+02329 in math variant U+02329
fonts           > otf loading > skipping cyclic reference U+027E9 in math variant U+027E9
fonts           > otf loading > skipping cyclic reference U+02B0C in math variant U+02B0C
fonts           > otf loading > skipping cyclic reference U+02A0C in math variant U+02A0C
fonts           > otf loading > skipping cyclic reference U+027EA in math variant U+027EA
fonts           > otf loading > skipping cyclic reference U+0222C in math variant U+0222C
fonts           > otf loading > skipping cyclic reference U+021AB in math variant U+021AB
fonts           > otf loading > skipping cyclic reference U+027EB in math variant U+027EB
fonts           > otf loading > skipping cyclic reference U+00306 in math variant U+00306
fonts           > otf loading > skipping cyclic reference U+0230A in math variant U+0230A
fonts           > otf loading > skipping cyclic reference U+0032E in math variant U+0032E
fonts           > otf loading > skipping cyclic reference U+021AA in math variant U+021AA
fonts           > otf loading > skipping cyclic reference U+02309 in math variant U+02309
fonts           > otf loading > skipping cyclic reference U+020EC in math variant U+020EC
fonts           > otf loading > skipping cyclic reference U+021A9 in math variant U+021A9
fonts           > otf loading > skipping cyclic reference U+021AC in math variant U+021AC
fonts           > otf loading > skipping cyclic reference U+00332 in math variant U+00332
fonts           > otf loading > skipping cyclic reference U+0032C in math variant U+0032C
fonts           > otf loading > skipping cyclic reference U+00302 in math variant U+00302
fonts           > otf loading > skipping cyclic reference U+02B07 in math variant U+02B07
fonts           > otf loading > skipping cyclic reference U+02906 in math variant U+02906
fonts           > otf loading > skipping cyclic reference U+020ED in math variant U+020ED
fonts           > otf loading > skipping cyclic reference U+021AD in math variant U+021AD
fonts           > otf loading > skipping cyclic reference U+0222D in math variant U+0222D
fonts           > otf loading > skipping cyclic reference U+02A06 in math variant U+02A06
fonts           > otf loading > skipping cyclic reference U+02B06 in math variant U+02B06
fonts           > otf loading > skipping cyclic reference U+02907 in math variant U+02907
fonts           > otf loading > skipping cyclic reference U+00330 in math variant U+00330
fonts           > otf loading > skipping cyclic reference U+02A09 in math variant U+02A09
fonts           > otf loading > skipping cyclic reference U+020EE in math variant U+020EE
fonts           > otf loading > skipping cyclic reference U+021AE in math variant U+021AE
fonts           > otf loading > skipping cyclic reference U+0222E in math variant U+0222E
fonts           > otf loading > skipping cyclic reference U+027EE in math variant U+027EE
fonts           > otf loading > skipping cyclic reference U+0232A in math variant U+0232A
fonts           > otf loading > skipping cyclic reference U+0222B in math variant U+0222B
fonts           > otf loading > skipping cyclic reference U+0230B in math variant U+0230B
fonts           > otf loading > skipping cyclic reference U+020EF in math variant U+020EF
fonts           > otf loading > skipping cyclic reference U+0222F in math variant U+0222F
fonts           > otf loading > skipping cyclic reference U+027EF in math variant U+027EF
fonts           > otf loading > skipping cyclic reference U+02190 in math variant U+02190
fonts           > otf loading > skipping cyclic reference U+021B0 in math variant U+021B0
fonts           > otf loading > skipping cyclic reference U+02230 in math variant U+02230
fonts           > otf loading > skipping cyclic reference U+02191 in math variant U+02191
fonts           > otf loading > skipping cyclic reference U+02193 in math variant U+02193
fonts           > otf loading > skipping cyclic reference U+0221A in math variant U+0221A
fonts           > otf loading > skipping cyclic reference U+02195 in math variant U+02195
fonts           > otf loading > skipping cyclic reference U+021B1 in math variant U+021B1
fonts           > otf loading > skipping cyclic reference U+02231 in math variant U+02231
fonts           > otf loading > skipping cyclic reference U+0032F in math variant U+0032F
fonts           > otf loading > skipping cyclic reference U+02196 in math variant U+02196
fonts           > otf loading > skipping cyclic reference U+02B31 in math variant U+02B31
fonts           > otf loading > skipping cyclic reference U+02197 in math variant U+02197
fonts           > otf loading > skipping cyclic reference U+02198 in math variant U+02198
fonts           > otf loading > skipping cyclic reference U+021B2 in math variant U+021B2
fonts           > otf loading > skipping cyclic reference U+02232 in math variant U+02232
fonts           > otf loading > skipping cyclic reference U+0219E in math variant U+0219E
fonts           > otf loading > skipping cyclic reference U+022C0 in math variant U+022C0
fonts           > otf loading > skipping cyclic reference U+0219A in math variant U+0219A
fonts           > otf loading > skipping cyclic reference U+022C1 in math variant U+022C1
fonts           > otf loading > skipping cyclic reference U+0219F in math variant U+0219F
fonts           > otf loading > saving '/usr/share/texlive/texmf-dist/fonts/opentype/public/lm-math/latinmodern-math.otf' in cache
system          > lua > compiling '/home/travis/.texmf-var/luatex-cache/context/f919750633122078d706dd10f1cfd39b/fonts/otf/latinmodern-math.tma' into '/home/travis/.texmf-var/luatex-cache/context/f919750633122078d706dd10f1cfd39b/fonts/otf/latinmodern-math.tmc'
system          > lua > dumping '/home/travis/.texmf-var/luatex-cache/context/f919750633122078d706dd10f1cfd39b/fonts/otf/latinmodern-math.tma' into '/home/travis/.texmf-var/luatex-cache/context/f919750633122078d706dd10f1cfd39b/fonts/otf/latinmodern-math.tmc' stripped
fonts           > otf loading > preprocessing and caching time 0.615, packtime 0.060
structure       > sectioning > section @ level 3 : 0.0.1 -> Stefanos Georgiou
fonts           > otf loading > loading '/usr/share/texmf/fonts/opentype/public/tex-gyre/texgyreheros-bold.otf', hash 'texgyreheros-bold'
fonts           > otf loading > loading done
fonts           > otf loading > file size: 135204
fonts           > otf loading > saving '/usr/share/texmf/fonts/opentype/public/tex-gyre/texgyreheros-bold.otf' in cache
system          > lua > compiling '/home/travis/.texmf-var/luatex-cache/context/f919750633122078d706dd10f1cfd39b/fonts/otf/texgyreheros-bold.tma' into '/home/travis/.texmf-var/luatex-cache/context/f919750633122078d706dd10f1cfd39b/fonts/otf/texgyreheros-bold.tmc'
system          > lua > dumping '/home/travis/.texmf-var/luatex-cache/context/f919750633122078d706dd10f1cfd39b/fonts/otf/texgyreheros-bold.tma' into '/home/travis/.texmf-var/luatex-cache/context/f919750633122078d706dd10f1cfd39b/fonts/otf/texgyreheros-bold.tmc' stripped
fonts           > otf loading > preprocessing and caching time 0.212, packtime 0.062
fonts           > otf loading > loading '/usr/share/texmf/fonts/opentype/public/tex-gyre/texgyreheros-italic.otf', hash 'texgyreheros-italic'
fonts           > otf loading > loading done
fonts           > otf loading > file size: 139208
fonts           > otf loading > saving '/usr/share/texmf/fonts/opentype/public/tex-gyre/texgyreheros-italic.otf' in cache
system          > lua > compiling '/home/travis/.texmf-var/luatex-cache/context/f919750633122078d706dd10f1cfd39b/fonts/otf/texgyreheros-italic.tma' into '/home/travis/.texmf-var/luatex-cache/context/f919750633122078d706dd10f1cfd39b/fonts/otf/texgyreheros-italic.tmc'
system          > lua > dumping '/home/travis/.texmf-var/luatex-cache/context/f919750633122078d706dd10f1cfd39b/fonts/otf/texgyreheros-italic.tma' into '/home/travis/.texmf-var/luatex-cache/context/f919750633122078d706dd10f1cfd39b/fonts/otf/texgyreheros-italic.tmc' stripped
fonts           > otf loading > preprocessing and caching time 0.227, packtime 0.064
structure       > sectioning > subsection @ level 4 : 0.0.1.1 -> Education
fonts           > otf loading > loading '/usr/share/texmf/fonts/opentype/public/tex-gyre/texgyreheros-bolditalic.otf', hash 'texgyreheros-bolditalic'
fonts           > otf loading > loading done
fonts           > otf loading > file size: 135264
fonts           > otf loading > saving '/usr/share/texmf/fonts/opentype/public/tex-gyre/texgyreheros-bolditalic.otf' in cache
system          > lua > compiling '/home/travis/.texmf-var/luatex-cache/context/f919750633122078d706dd10f1cfd39b/fonts/otf/texgyreheros-bolditalic.tma' into '/home/travis/.texmf-var/luatex-cache/context/f919750633122078d706dd10f1cfd39b/fonts/otf/texgyreheros-bolditalic.tmc'
system          > lua > dumping '/home/travis/.texmf-var/luatex-cache/context/f919750633122078d706dd10f1cfd39b/fonts/otf/texgyreheros-bolditalic.tma' into '/home/travis/.texmf-var/luatex-cache/context/f919750633122078d706dd10f1cfd39b/fonts/otf/texgyreheros-bolditalic.tmc' stripped
fonts           > otf loading > preprocessing and caching time 0.232, packtime 0.065
structure       > sectioning > subsection @ level 4 : 0.0.1.2 -> Experience
structure       > sectioning > subsection @ level 4 : 0.0.1.3 -> Technical Experience
backend         > xmp > using file '/usr/share/texmf/tex/context/base/lpdf-pdx.xml'
pages           > flushing realpage 1, userpage 1
structure       > sectioning > subsection @ level 4 : 0.0.1.4 -> Research Publications
structure       > sectioning > subsection @ level 4 : 0.0.1.5 -> Grands, Awards, Languages, and Living Abroad
pages           > flushing realpage 2, userpage 2
 ) )</usr/share/texlive/texmf-dist/fonts/opentype/public/lm-math/latinmodern-math.otf></usr/share/texmf/fonts/opentype/public/tex-gyre/texgyreheros-bolditalic.otf></usr/share/texmf/fonts/opentype/public/tex-gyre/texgyreheros-regular.otf></usr/share/texmf/fonts/opentype/public/tex-gyre/texgyreheros-italic.otf></usr/share/texmf/fonts/opentype/public/tex-gyre/texgyreheros-bold.otf>

system          > files > start used files

used files      >    1: filename=cont-yes.mkiv filetype=tex foundname=/usr/share/texmf/tex/context/base/cont-yes.mkiv usedmethod=database
used files      >    2: filename=cont-new.mkiv filetype=tex foundname=/usr/share/texmf/tex/context/base/cont-new.mkiv usedmethod=database
used files      >    3: filename=lang-us.lua filetype=lua foundname=/usr/share/texmf/tex/context/patterns/lang-us.lua usedmethod=database
used files      >    4: filename=web/index.tex foundname=web/index.tex usedmethod=direct
used files      >    5: filename=type-imp-texgyre.mkiv filetype=tex foundname=/usr/share/texmf/tex/context/base/type-imp-texgyre.mkiv usedmethod=database
used files      >    6: filename=lm.lfg filetype=tex foundname=/usr/share/texmf/tex/context/fonts/lm.lfg usedmethod=database
used files      >    7: filename=lm-math.lfg filetype=tex foundname=/usr/share/texmf/tex/context/fonts/lm-math.lfg usedmethod=database
used files      >    8: filename=lm-math.map filetype=map format=map foundname=/usr/share/texmf/fonts/map/dvips/lm/lm-math.map usedmethod=database
used files      >    9: filename=lm-rm.map filetype=map format=map foundname=/usr/share/texmf/fonts/map/dvips/lm/lm-rm.map usedmethod=database
used files      >   10: filename=mkiv-base.map filetype=map format=map foundname=/usr/share/texmf/fonts/map/pdftex/context/mkiv-base.map usedmethod=database
used files      >   11: filename=texgyreheros-regular filetype=otf format=otf foundname=/usr/share/texmf/fonts/opentype/public/tex-gyre/texgyreheros-regular.otf usedmethod=database
used files      >   12: filename=font-agl.lua filetype=lua foundname=/usr/share/texmf/tex/context/base/font-agl.lua usedmethod=database
used files      >   13: filename=latinmodern-math.otf filetype=opentypefonts foundname=/usr/share/texlive/texmf-dist/fonts/opentype/public/lm-math/latinmodern-math.otf usedmethod=database
used files      >   14: filename=latinmodern-math.otf filetype=otf format=otf foundname=/usr/share/texlive/texmf-dist/fonts/opentype/public/lm-math/latinmodern-math.otf usedmethod=database
used files      >   15: filename=texgyreheros-bold filetype=otf format=otf foundname=/usr/share/texmf/fonts/opentype/public/tex-gyre/texgyreheros-bold.otf usedmethod=database
used files      >   16: filename=texgyreheros-italic filetype=otf format=otf foundname=/usr/share/texmf/fonts/opentype/public/tex-gyre/texgyreheros-italic.otf usedmethod=database
used files      >   17: filename=texgyreheros-bolditalic filetype=otf format=otf foundname=/usr/share/texmf/fonts/opentype/public/tex-gyre/texgyreheros-bolditalic.otf usedmethod=database
used files      >   18: filename=lpdf-pdx.xml filetype=tex foundname=/usr/share/texmf/tex/context/base/lpdf-pdx.xml usedmethod=database

system          > files > stop used files


system          > structure > start used structure

used structure  > text: index

system          > structure > stop used structure


system          > files > start used files

used file       >    1: filename=cont-yes.mkiv filetype=tex foundname=/usr/share/texmf/tex/context/base/cont-yes.mkiv usedmethod=database
used file       >    2: filename=cont-new.mkiv filetype=tex foundname=/usr/share/texmf/tex/context/base/cont-new.mkiv usedmethod=database
used file       >    3: filename=lang-us.lua filetype=lua foundname=/usr/share/texmf/tex/context/patterns/lang-us.lua usedmethod=database
used file       >    4: filename=web/index.tex foundname=web/index.tex usedmethod=direct
used file       >    5: filename=type-imp-texgyre.mkiv filetype=tex foundname=/usr/share/texmf/tex/context/base/type-imp-texgyre.mkiv usedmethod=database
used file       >    6: filename=lm.lfg filetype=tex foundname=/usr/share/texmf/tex/context/fonts/lm.lfg usedmethod=database
used file       >    7: filename=lm-math.lfg filetype=tex foundname=/usr/share/texmf/tex/context/fonts/lm-math.lfg usedmethod=database
used file       >    8: filename=lm-math.map filetype=map format=map foundname=/usr/share/texmf/fonts/map/dvips/lm/lm-math.map usedmethod=database
used file       >    9: filename=lm-rm.map filetype=map format=map foundname=/usr/share/texmf/fonts/map/dvips/lm/lm-rm.map usedmethod=database
used file       >   10: filename=mkiv-base.map filetype=map format=map foundname=/usr/share/texmf/fonts/map/pdftex/context/mkiv-base.map usedmethod=database
used file       >   11: filename=texgyreheros-regular filetype=otf format=otf foundname=/usr/share/texmf/fonts/opentype/public/tex-gyre/texgyreheros-regular.otf usedmethod=database
used file       >   12: filename=font-agl.lua filetype=lua foundname=/usr/share/texmf/tex/context/base/font-agl.lua usedmethod=database
used file       >   13: filename=latinmodern-math.otf filetype=opentypefonts foundname=/usr/share/texlive/texmf-dist/fonts/opentype/public/lm-math/latinmodern-math.otf usedmethod=database
used file       >   14: filename=latinmodern-math.otf filetype=otf format=otf foundname=/usr/share/texlive/texmf-dist/fonts/opentype/public/lm-math/latinmodern-math.otf usedmethod=database
used file       >   15: filename=texgyreheros-bold filetype=otf format=otf foundname=/usr/share/texmf/fonts/opentype/public/tex-gyre/texgyreheros-bold.otf usedmethod=database
used file       >   16: filename=texgyreheros-italic filetype=otf format=otf foundname=/usr/share/texmf/fonts/opentype/public/tex-gyre/texgyreheros-italic.otf usedmethod=database
used file       >   17: filename=texgyreheros-bolditalic filetype=otf format=otf foundname=/usr/share/texmf/fonts/opentype/public/tex-gyre/texgyreheros-bolditalic.otf usedmethod=database
used file       >   18: filename=lpdf-pdx.xml filetype=tex foundname=/usr/share/texmf/tex/context/base/lpdf-pdx.xml usedmethod=database

system          > files > stop used files


system          > options > start commandline options

used option     > currentrun="1"
used option     > fulljobname="web/index.tex"
used option     > input="web/index.tex"
used option     > kindofrun="1"
used option     > maxnofruns="8"
used option     > no-parse-first-line="true"
used option     > result="web/index.pdf"

system          > options > stop commandline options

system          > options > start commandline files

used file       >    1: web/index.tex

system          > options > stop commandline files



mkiv lua stats  > used config file: selfautodir:/share/texmf/web2c/texmfcnf.lua
mkiv lua stats  > used cache path: readable: '/var/lib/texmf/luatex-cache/context/f919750633122078d706dd10f1cfd39b' | readable+writable: '/home/travis/.texmf-var/luatex-cache/context/f919750633122078d706dd10f1cfd39b'
mkiv lua stats  > resource resolver: loadtime 0.020 seconds, 0 scans with scantime 0.000 seconds, 0 shared scans, 18 found files, scanned paths: <none>
mkiv lua stats  > stored bytecode data: 329 modules (0.176 sec), 69 tables (0.003 sec), 398 chunks (0.180 sec)
mkiv lua stats  > cleaned up reserved nodes: 50 nodes, 9 lists of 441
mkiv lua stats  > node memory usage: 2 glue, 2 penalty, 12 attribute, 38 glue_spec, 3 attribute_list
mkiv lua stats  > node list callback tasks: 6 unique task lists, 6 instances (re)created, 452 calls
mkiv lua stats  > h-node processing time: 0.044 seconds including kernel
mkiv lua stats  > used backend: pdf (backend for directly generating pdf output)
mkiv lua stats  > loaded patterns: en::2, load time: 0.000
mkiv lua stats  > jobdata time: 0.003 seconds saving, 0.001 seconds loading
mkiv lua stats  > callbacks: 899 direct, 711 indirect, 1610 total
mkiv lua stats  > randomizer: resumed with value 0.72695004228826
mkiv lua stats  > lxml preparation time: 0.000 seconds, 0 nodes, 15 lpath calls, 0 cached calls
mkiv lua stats  > interactive elements: 12 references, 11 destinations
mkiv lua stats  > result saved in file: web/index.pdf.pdf, compresslevel 3, objectcompreslevel 3
mkiv lua stats  > loaded fonts: 5 files: latinmodern-math.otf (experimental), texgyreheros-bold.otf, texgyreheros-bolditalic.otf, texgyreheros-italic.otf, texgyreheros-regular.otf
mkiv lua stats  > fonts load time: 1.823 seconds 
mkiv lua stats  > pdf annotations: 12 embedded, 12 unique
mkiv lua stats  > luatex banner: this is luatex, version beta-0.76.0-2013121407  (tex live 2013/dev/debian) (rev 4627)
mkiv lua stats  > control sequences: 37687 of 65536 + 100000
mkiv lua stats  > current memory usage: 124 MB (ctx: 124 MB)
mkiv lua stats  > runtime: 2.504 seconds, 2 processed pages, 2 shipped pages, 0.799 pages/second

